################################### 日志文件##############################
################################### 十分重要##############################
there is something wrong.
this package is not support with anything over 1.9.x.
since the ur_driver is, AFAIK, not compatible with UR v3.X.
but do not delete this folder.

https://github.com/ros-industrial/universal_robot

**************************************lirui 2017.8.31********************


if you want to go ahead ,please just download the  ur_modern_driver.

https://github.com/ThomasTimm/ur_modern_driver

I will test the package above.

******************

I have already tried it,but this package can't world correctly.

I will find a new one.

http://www.linuxidc.com/Linux/2017-03/141507.htm  

This web published one metheod. I will try it.

yes. I compile the package successfull.
******************   
step 1:download universal_robot_kinetic_devel into the catkin_ws/src

step 2:dowload  ur_modern_driver_master  into the file above to take the place of ur_driver

step 3: change the  ur_hardware_interface.cpp  with the codes in the  web http://www.linuxidc.com/Linux/2017-03/141507.htm  

step 4: catkin_make
******************
It's  apparently that  that way can't work.

I will try a new one.
https://github.com/VCBE123/ur_modern_driver      this is my own page.

there is something wrong .
I do it once again.

******************
Successsfull
***************************************************github*********************
step 1:install git 

	$ git
		The program 'git' is currently not installed. You can install it by typing:
		sudo apt-get install git
step 2:
	$ git config --global user.name "Your Name"
	$ git config --global user.email "email@example.com"

step 3： creat repository
	$ mkdir learngit
	$ cd learngit
	$ pwd
	/Users/michael/learngit

step 4: init 

	$ git init
	Initialized empty Git repository in /Users/michael/learngit/.git/

step 5: add readme.txt

	
       ........ git add readme.txt

step 6: commit 

	$ git commit -m "wrote a readme file"  ## -m  : message
	[master (root-commit) cb926e7] wrote a readme file
	 1 file changed, 2 insertions(+)
	 create mode 100644 readme.txt

step  7: ...git add --all

***********************************************commit to remote repository*************

https://www.liaoxuefeng.com/wiki/0013739516305929606dd18361248578c67b8067c8c017b000

step  1: creat ssh key
	$ ssh-keygen -t rsa -C "youremail@example.com"	
	Generating public/private rsa key pair.
	Enter file in which to save the key (/home/jzhang/.ssh/id_rsa): 
	Enter passphrase (empty for no passphrase): 
	Enter same passphrase again: 
	Your identification has been saved in /home/jzhang/.ssh/id_rsa.
	Your public key has been saved in /home/jzhang/.ssh/id_rsa.pub.
	The key fingerprint is:
	SHA256:s1JHGMX2rnsWn8r06Snqxwv9lvvM06aX4fc6mN3V2Oo vcbe123@gmail.com
	The key's randomart image is:
	+---[RSA 2048]----+
	|        .o.      |
	|         oo      |
	|        ....     |
	|         .  .    |
	|        S ..   o.|
	|       . + .o ..+|
	|      . . .oo*.==|
	|       .  .+OoOO*|
	|         .+*+BEOO|
	+----[SHA256]-----+

step 2: visit  https://github.com/
         signin your acount.


step 3: add SSH keys   id_rsa.pub

step 4: add remot repository  
	sign in GitHub & creat a new repo   ur5  &  public & Apache License


step 5: commit to remote repo
 
	$ git remote add origin git@github.com:VCBE123/ur5.git  ##username VCBE123 /repo name ur5

 
step 6: push 

	$ git push -u origin master  ####push master to origin 
	error: 无法推送一些引用到 'git@github.com:VCBE123/ur5.git'

	$ git push  origin +master

step 7:success!!!!
************************************************************lirui 2017.8.31*********************

################开通博客##########http://blog.csdn.net/u014515463####https://github.com/VCBE123/ur5

****************************ubuntu screen cut**************photo edit*****
 press :Prscrn    $ shotwell   

***********************************************************lirui 2017.9.3********************
modify the launch file:

default robot_ip=192.168.1.5
limit=true

ur5_bringup.launch--     include < kinect2_bridge.launch  delete "output =screen" >    node <kinect2_viewer>

the hardware_interface--  just for sim speed from 1 to 0.3   

***********************************************************lirui 2017.9.3*******************      
download   ros_controller from     https://github.com/ros-controls/ros_control
catkin_make successfull 
rosrun rqt_controller_manager rqt_controller_manager      successfull    <$ rm ~/.config/ros.org/rqt_gui.ini >


modify the  /home/jzhang/catkin_ws/src/ur_modern_driver-master/ur5_moveit_config/config/ controller.yaml   as showing in the readmme.md


********************************************************lirui 2017.9.4 ***************

creat package robot_setup_tf    to pubulish the transform matrix from camera to robot 

base_link  to kinect2_link         cmake&test successfull!!!
add tf_node to ur5_bringup.launch   successfull !!! need to be fixed.

*******************************************************lirui 2017.9.6*****************
push the git repository   ur_modern_driver-master to remote.
×××××××××××××××××××××××××××××××××××××××××××××××××××××××lirui 2017.9.7******************
roslaunch ur_gazebo ur5.launch       仿真真实机器人
roslaunch ur_modern_driver ur5_bringup.launch    真实机器人连接&启动kinect2&发布tf_transformation.
roslaunch ur5_moveit_config ur5_moveit_planning_execution.launch sim:=false   Rviz运动规划及仿真。
false:真实机器人规划  true:gazebo仿真

1.roslaunch ur_modern_driver ur5_bringup.launch
2.roslaunch ur5_moveit_config ur5_moveit_planning_execution.launch sim:=false
3.roslaunch ur5_moveit_config moveit_rviz.launch config:=true

 

gazebo 仿真：  
roslaunch ur_gazebo ur5.launch limited:=true

roslaunch ur5_moveit_config ur5_moveit_planning_execution.launch sim:=true limited:=true

roslaunch ur5_moveit_config moveit_rviz.launch config:=true
************************************************************lirui 2017.9.7**********
real robot:
1.roslaunch ur_modern_driver ur5_bringup.launch
2.roslaunch ur5_moveit_config ur5_moveit_planning_execution.launch sim:=false limited:=true
3.roslaunch ur5_moveit_config moveit_rviz.launch config:=true 
存在一个错误：
bring_up:
[ INFO] [1504789648.798075878]: waitForService: Service [/kinect2/load_nodelet] is now available.
[ INFO] [1504789708.604822438]: on_goal
[ERROR] [1504789710.780998568]: Robot is protective stopped!
[ WARN] [1504789715.185140401]: Secondary port: No connection. Is controller crashed? Will try to reconnect in 10 seconds...
[ WARN] [1504789715.191573670]: Realtime port: No connection. Is controller crashed? Will try to reconnect in 10 seconds...
[ INFO] [1504789725.189786405]: Secondary port: Reconnected
[ INFO] [1504789725.192952203]: Realtime port: Reconnected
Error:   TF_NAN_INPUT: Ignoring transform for child_frame_id "tool0_controller" from authority "unknown_publisher" because of a nan value in the transform (0.000000 0.000000 0.000000) (-nan -nan -nan -nan)
         at line 244 in /tmp/binarydeb/ros-kinetic-tf2-0.5.16/src/buffer_core.cpp
Error:   TF_DENORMALIZED_QUATERNION: Ignoring transform for child_frame_id "tool0_controller" from authority "unknown_publisher" because of an invalid quaternion in the transform (-nan -nan -nan -nan)
         at line 257 in /tmp/binarydeb/ros-kinetic-tf2-0.5.16/src/buffer_core.cpp

ur5_moveit_planning_execution:
[ INFO] [1504789726.197424600]: Planning attempt 1 of at most 1
[ERROR] [1504789726.197536738]: Found empty JointState message
[ WARN] [1504789726.197600522]: Joint 'wrist_2_joint' from the starting state is outside bounds by a significant margin: [ -16.8619 ] should be in the range [ -3.14159 ], [ 3.14159 ] but the error above the ~start_state_max_bounds_error parameter (currently set to 0.1)
[ WARN] [1504789726.197624957]: Joint 'wrist_3_joint' from the starting state is outside bounds by a significant margin: [ -12.4767 ] should be in the range [ -3.14159 ], [ 3.14159 ] but the error above the ~start_state_max_bounds_error parameter (currently set to 0.1)

moveit_rviz:
[ INFO] [1504789720.683891217]: ABORTED: Solution found but controller failed during execution
[ INFO] [1504789726.220528773]: ABORTED: No motion plan found. No execution attempted.
[ERROR] [1504789730.703329743]: Ignoring transform for child_frame_id "tool0_controller" from authority "unknown_publisher" because of a nan value in the transform (0.000000 0.000000 0.000000) (-nan -nan -nan -nan)
[ERROR] [1504789730.703470849]: Ignoring transform for child_frame_id "tool0_controller" from authority "unknown_publisher" because of an invalid quaternion in the transform (-nan -nan -nan -nan)
[ERROR] [1504789733.206470083]: Ignoring transform for child_frame_id "tool0_controller" from authority "unknown_publisher" because of a nan value in the transform (-26815634996663506497926541532838688468333027731583940734935550743870004400856709289875207645414123802522204229032200024507277818670185204752351323049951232.000000 -0.000000 -26815635023192343461629092732595116300213112174903854817200734010508414678348141019230411761179382863589389466948106287263311598361505904384281637556322304.000000) (-nan -nan -nan -nan)
#####################################
gazebo:
1.roslaunch ur_gazebo ur5.launch limited:=true	载入带限制的gazebo模型
2.roslaunch ur5_moveit_config ur5_moveit_planning_execution.launch sim:=true limited:=true 设置带限制路径规划仿真
3.roslaunch ur5_moveit_config moveit_rviz.launch config:=true  载入带参数的rviz路径规划。
**********************************************************lirui 2017.9.8 ************
Permission denied (publickey).
fatal: Could not read from remote repository.
https://help.github.com/articles/changing-a-remote-s-url/

clone from git@github.com:robotic-ultrasound-image-system/ur5.git
catkin_make fail

solve: install ros-kinetic-moveit-full

sudo apt-get install ros-kinetic-universal-robot  solving all comple error.
so full step:
#########################################
1: install ubuntu 16.04			#
2: install ROS_Kinetic_desktop_full	#
3: catkin_workspace init		#
4: git clone ur5.git			#
5: install ros-kinetic-universal-robot	#
#########################################

urgazebo.launch

***************************************lirui 2017.9.9***********************
###############http://blog.csdn.net/lvxobrkszd/article/details/75142503###########

kinetic &&  kinect2
1.  git clone git@github.com:OpenKinect/libfreenect2.git

本地和远端不一致的解决方案 https://github.com/KylinGu/Test/blob/master/GitLearningExp.md
强制更新 git push -f origin master*********************https://ask.helplib.com/268638



  


 

  
















